  672018162.cpp
C:\Users\hasshh\source\repos\awal\awal\672018162.cpp(4,36): warning C4305: 'argument': truncation from 'double' to 'GLclampf'
C:\Users\hasshh\source\repos\awal\awal\672018162.cpp(49,28): warning C4305: 'argument': truncation from 'double' to 'GLfloat'
C:\Users\hasshh\source\repos\awal\awal\672018162.cpp(56,28): warning C4305: 'argument': truncation from 'double' to 'GLfloat'
C:\Users\hasshh\source\repos\awal\awal\672018162.cpp(63,28): warning C4305: 'argument': truncation from 'double' to 'GLfloat'
C:\Users\hasshh\source\repos\awal\awal\672018162.cpp(70,28): warning C4305: 'argument': truncation from 'double' to 'GLfloat'
C:\Users\hasshh\source\repos\awal\awal\672018162.cpp(77,28): warning C4305: 'argument': truncation from 'double' to 'GLfloat'
C:\Users\hasshh\source\repos\awal\awal\672018162.cpp(86,28): warning C4305: 'argument': truncation from 'double' to 'GLfloat'
C:\Users\hasshh\source\repos\awal\awal\672018162.cpp(93,28): warning C4305: 'argument': truncation from 'double' to 'GLfloat'
C:\Users\hasshh\source\repos\awal\awal\672018162.cpp(100,28): warning C4305: 'argument': truncation from 'double' to 'GLfloat'
C:\Users\hasshh\source\repos\awal\awal\672018162.cpp(107,28): warning C4305: 'argument': truncation from 'double' to 'GLfloat'
C:\Users\hasshh\source\repos\awal\awal\672018162.cpp(116,28): warning C4305: 'argument': truncation from 'double' to 'GLfloat'
C:\Users\hasshh\source\repos\awal\awal\672018162.cpp(124,28): warning C4305: 'argument': truncation from 'double' to 'GLfloat'
C:\Users\hasshh\source\repos\awal\awal\672018162.cpp(131,28): warning C4305: 'argument': truncation from 'double' to 'GLfloat'
C:\Users\hasshh\source\repos\awal\awal\672018162.cpp(147,28): warning C4305: 'argument': truncation from 'double' to 'GLfloat'
C:\Users\hasshh\source\repos\awal\awal\672018162.cpp(154,28): warning C4305: 'argument': truncation from 'double' to 'GLfloat'
C:\Users\hasshh\source\repos\awal\awal\672018162.cpp(162,28): warning C4305: 'argument': truncation from 'double' to 'GLfloat'
C:\Users\hasshh\source\repos\awal\awal\672018162.cpp(170,28): warning C4305: 'argument': truncation from 'double' to 'GLfloat'
C:\Users\hasshh\source\repos\awal\awal\672018162.cpp(179,28): warning C4305: 'argument': truncation from 'double' to 'GLfloat'
C:\Users\hasshh\source\repos\awal\awal\672018162.cpp(187,28): warning C4305: 'argument': truncation from 'double' to 'GLfloat'
C:\Users\hasshh\source\repos\awal\awal\672018162.cpp(197,28): warning C4305: 'argument': truncation from 'double' to 'GLfloat'
C:\Users\hasshh\source\repos\awal\awal\672018162.cpp(207,28): warning C4305: 'argument': truncation from 'double' to 'GLfloat'
C:\Users\hasshh\source\repos\awal\awal\672018162.cpp(215,28): warning C4305: 'argument': truncation from 'double' to 'GLfloat'
C:\Users\hasshh\source\repos\awal\awal\672018162.cpp(230,29): warning C4305: 'argument': truncation from 'double' to 'GLfloat'
C:\Users\hasshh\source\repos\awal\awal\672018162.cpp(238,29): warning C4305: 'argument': truncation from 'double' to 'GLfloat'
C:\Users\hasshh\source\repos\awal\awal\672018162.cpp(246,29): warning C4305: 'argument': truncation from 'double' to 'GLfloat'
  Generating code
  3 of 5 functions (60.0%) were compiled, the rest were copied from previous compilation.
    0 functions were new in current compilation
    0 functions had inline decision re-evaluated but remain unchanged
  Finished generating code
  awal.vcxproj -> C:\Users\hasshh\source\repos\awal\x64\Release\awal.exe
